Log file open, 08/29/18 20:53:51
LogWindows: Failed to load 'aqProf.dll' (GetLastError=126)
LogWindows: File 'aqProf.dll' does not exist
LogWindows: Failed to load 'VSPerf140.dll' (GetLastError=126)
LogWindows: File 'VSPerf140.dll' does not exist
LogWindows: Failed to load 'VtuneApi.dll' (GetLastError=126)
LogWindows: File 'VtuneApi.dll' does not exist
LogWindows: Failed to load 'VtuneApi32e.dll' (GetLastError=126)
LogWindows: File 'VtuneApi32e.dll' does not exist
LogInit: Display: Running engine for game: InClass8_27
LogPlatformFile: Not using cached read wrapper
LogTaskGraph: Started task graph with 5 named threads and 23 total threads with 3 sets of task threads.
LogStats: Stats thread started at 0.287469
LogD3D11RHI: Loaded GFSDK_Aftermath_Lib.x64.dll
LogICUInternationalization: Display: ICU TimeZone Detection - Raw Offset: -7:00, Platform Override: ''
LogPluginManager: Mounting plugin Paper2D
LogPluginManager: Mounting plugin AISupport
LogPluginManager: Mounting plugin LightPropagationVolume
LogPluginManager: Mounting plugin CLionSourceCodeAccess
LogPluginManager: Mounting plugin CodeLiteSourceCodeAccess
LogPluginManager: Mounting plugin GitSourceControl
LogPluginManager: Mounting plugin KDevelopSourceCodeAccess
LogPluginManager: Mounting plugin NullSourceCodeAccess
LogPluginManager: Mounting plugin PerforceSourceControl
LogPluginManager: Mounting plugin SubversionSourceControl
LogPluginManager: Mounting plugin UObjectPlugin
LogPluginManager: Mounting plugin VisualStudioCodeSourceCodeAccess
LogPluginManager: Mounting plugin VisualStudioSourceCodeAccess
LogPluginManager: Mounting plugin XCodeSourceCodeAccess
LogPluginManager: Mounting plugin AssetManagerEditor
LogPluginManager: Mounting plugin CryptoKeys
LogPluginManager: Mounting plugin DataValidation
LogPluginManager: Mounting plugin FacialAnimation
LogPluginManager: Mounting plugin GameplayTagsEditor
LogPluginManager: Mounting plugin MacGraphicsSwitching
LogPluginManager: Mounting plugin MeshEditor
LogPluginManager: Mounting plugin MobileLauncherProfileWizard
LogPluginManager: Mounting plugin PluginBrowser
LogPluginManager: Mounting plugin SpeedTreeImporter
LogPluginManager: Mounting plugin DatasmithContent
LogPluginManager: Mounting plugin AlembicImporter
LogPluginManager: Mounting plugin AppleImageUtils
LogPluginManager: Mounting plugin AppleVision
LogPluginManager: Mounting plugin BackChannel
LogPluginManager: Mounting plugin CharacterAI
LogPluginManager: Mounting plugin GeometryCache
LogPluginManager: Mounting plugin HTML5Networking
LogPluginManager: Mounting plugin ProxyLODPlugin
LogPluginManager: Mounting plugin MagicLeap
LogPluginManager: Mounting plugin MagicLeapEmulator
LogPluginManager: Mounting plugin MagicLeapMedia
LogPluginManager: Mounting plugin AndroidMedia
LogPluginManager: Mounting plugin AvfMedia
LogPluginManager: Mounting plugin ImgMedia
LogPluginManager: Mounting plugin LinearTimecode
LogPluginManager: Mounting plugin MediaCompositing
LogPluginManager: Mounting plugin MediaPlayerEditor
LogPluginManager: Mounting plugin WmfMedia
LogPluginManager: Mounting plugin TcpMessaging
LogPluginManager: Mounting plugin UdpMessaging
LogPluginManager: Mounting plugin ActorSequence
LogPluginManager: Mounting plugin LevelSequenceEditor
LogPluginManager: Mounting plugin MatineeToLevelSequence
LogPluginManager: Mounting plugin NetcodeUnitTest
LogPluginManager: Mounting plugin NUTUnrealEngine4
LogPluginManager: Mounting plugin OnlineSubsystemGooglePlay
LogPluginManager: Mounting plugin OnlineSubsystemIOS
LogPluginManager: Mounting plugin OnlineSubsystem
LogPluginManager: Mounting plugin OnlineSubsystemNull
LogPluginManager: Mounting plugin OnlineSubsystemUtils
LogPluginManager: Mounting plugin LauncherChunkInstaller
LogPluginManager: Mounting plugin AndroidDeviceProfileSelector
LogPluginManager: Mounting plugin AndroidMoviePlayer
LogPluginManager: Mounting plugin AndroidPermission
LogPluginManager: Mounting plugin AppleMoviePlayer
LogPluginManager: Mounting plugin ArchVisCharacter
LogPluginManager: Mounting plugin AudioCapture
LogPluginManager: Mounting plugin CableComponent
LogPluginManager: Mounting plugin CustomMeshComponent
LogPluginManager: Mounting plugin EditableMesh
LogPluginManager: Mounting plugin ExampleDeviceProfileSelector
LogPluginManager: Mounting plugin GoogleCloudMessaging
LogPluginManager: Mounting plugin ImmediatePhysics
LogPluginManager: Mounting plugin IOSDeviceProfileSelector
LogPluginManager: Mounting plugin LinuxDeviceProfileSelector
LogPluginManager: Mounting plugin LocationServicesBPLibrary
LogPluginManager: Mounting plugin MobilePatchingUtils
LogPluginManager: Mounting plugin OculusVR
LogPluginManager: Plugin shader directory ../../../Engine/Plugins/Runtime/Oculus/OculusVR/Shaders found
LogPluginManager: Mapping shader source directory ../../../Engine/Plugins/Runtime/Oculus/OculusVR/Shaders to virtual directory /Plugin/OculusVR
LogPluginManager: Mounting plugin PhysXVehicles
LogPluginManager: Mounting plugin ProceduralMeshComponent
LogPluginManager: Mounting plugin RuntimePhysXCooking
LogPluginManager: Mounting plugin SteamVR
LogPluginManager: Mounting plugin WindowsMoviePlayer
LogStreaming: Display: Took  0.157s to configure plugins.
LogInit: Using libcurl 7.55.1-DEV
LogInit:  - built for x86_64-pc-win32
LogInit:  - supports SSL with OpenSSL/1.0.2h
LogInit:  - supports HTTP deflate (compression) using libz 1.2.8
LogInit:  - other features:
LogInit:      CURL_VERSION_SSL
LogInit:      CURL_VERSION_LIBZ
LogInit:      CURL_VERSION_IPV6
LogInit:      CURL_VERSION_ASYNCHDNS
LogInit:      CURL_VERSION_LARGEFILE
LogInit:      CURL_VERSION_IDN
LogInit:  CurlRequestOptions (configurable via config and command line):
LogInit:  - bVerifyPeer = false  - Libcurl will NOT verify peer certificate
LogInit:  - bUseHttpProxy = false  - Libcurl will NOT use HTTP proxy
LogInit:  - bDontReuseConnections = false  - Libcurl will reuse connections
LogInit:  - CertBundlePath = nullptr  - Libcurl will use whatever was configured at build time.
LogInit:  - MaxHostConnections = 16  - Libcurl will limit the number of connections to a host
LogInit:  - LocalHostAddr = Default
LogInit:  - BufferSize = 65536
LogInit: WinSock: version 1.1 (2.2), MaxSocks=32767, MaxUdp=65467
LogInit: Build: ++UE4+Release-4.20-CL-4302132
LogInit: Engine Version: 4.20.2-4302132+++UE4+Release-4.20
LogInit: Compatible Engine Version: 4.20.0-4212847+++UE4+Release-4.20
LogInit: Net CL: 4212847
LogInit: OS: Windows 10 (), CPU: Intel(R) Core(TM) i7-7700HQ CPU @ 2.80GHz, GPU: NVIDIA GeForce GTX 1060
LogInit: Compiled (64-bit): Aug 21 2018 02:06:06
LogInit: Compiled with Visual C++: 19.13.26129.00
LogInit: Build Configuration: Development
LogInit: Branch Name: ++UE4+Release-4.20
LogInit: Command Line: -EpicPortal 
LogInit: Base Directory: C:/Program Files/Epic Games/UE_4.20/Engine/Binaries/Win64/
LogInit: Installed Engine Build: 1
LogDevObjectVersion: Number of dev versions registered: 20
LogDevObjectVersion:   Dev-Blueprints (B0D832E4-1F89-4F0D-ACCF-7EB736FD4AA2): 10
LogDevObjectVersion:   Dev-Build (E1C64328-A22C-4D53-A36C-8E866417BD8C): 0
LogDevObjectVersion:   Dev-Core (375EC13C-06E4-48FB-B500-84F0262A717E): 2
LogDevObjectVersion:   Dev-Editor (E4B068ED-F494-42E9-A231-DA0B2E46BB41): 24
LogDevObjectVersion:   Dev-Framework (CFFC743F-43B0-4480-9391-14DF171D2073): 34
LogDevObjectVersion:   Dev-Mobile (B02B49B5-BB20-44E9-A304-32B752E40360): 2
LogDevObjectVersion:   Dev-Networking (A4E4105C-59A1-49B5-A7C5-40C4547EDFEE): 0
LogDevObjectVersion:   Dev-Online (39C831C9-5AE6-47DC-9A44-9C173E1C8E7C): 0
LogDevObjectVersion:   Dev-Physics (78F01B33-EBEA-4F98-B9B4-84EACCB95AA2): 0
LogDevObjectVersion:   Dev-Platform (6631380F-2D4D-43E0-8009-CF276956A95A): 0
LogDevObjectVersion:   Dev-Rendering (12F88B9F-8875-4AFC-A67C-D90C383ABD29): 26
LogDevObjectVersion:   Dev-Sequencer (7B5AE74C-D270-4C10-A958-57980B212A5A): 9
LogDevObjectVersion:   Dev-VR (D7296918-1DD6-4BDD-9DE2-64A83CC13884): 2
LogDevObjectVersion:   Dev-LoadTimes (C2A15278-BFE7-4AFE-6C17-90FF531DF755): 1
LogDevObjectVersion:   Private-Geometry (6EACA3D4-40EC-4CC1-B786-8BED09428FC5): 3
LogDevObjectVersion:   Dev-AnimPhys (29E575DD-E0A3-4627-9D10-D276232CDCEA): 17
LogDevObjectVersion:   Dev-ReflectionCapture (6B266CEC-1EC7-4B8F-A30B-E4D90942FC07): 1
LogDevObjectVersion:   Dev-Automation (0DF73D61-A23F-47EA-B727-89E90C41499A): 1
LogDevObjectVersion:   FortniteMain (601D1886-AC64-4F84-AA16-D3DE0DEAC7D6): 12
LogDevObjectVersion:   Dev-Enterprise (9DFFBCD6-494F-0158-E221-12823C92A888): 1
LogStreaming: Display: Took  0.000s to delete old logs.
LogInit: Presizing for max 8388607 objects, including 0 objects not considered by GC, pre-allocating 0 bytes for permanent pool.
LogInit: Object subsystem initialized
[2018.08.30-02.53.51:882][  0]LogInit: Selected Device Profile: [Windows]
[2018.08.30-02.53.51:882][  0]LogInit: Applying CVar settings loaded from the selected device profile: [Windows]
[2018.08.30-02.53.51:901][  0]LogHAL: Display: Platform has ~ 16 GB [17053577216 / 17179869184 / 16], which maps to Larger [LargestMinGB=32, LargerMinGB=12, DefaultMinGB=8, SmallerMinGB=6, SmallestMinGB=0)
[2018.08.30-02.53.51:902][  0]LogInit: Setting Device Profile CVar: [[r.Vulkan.UseRealUBs:1]]
[2018.08.30-02.53.51:902][  0]LogInit: Going up to parent DeviceProfile []
[2018.08.30-02.53.51:902][  0]LogInit: Computer: LEGION
[2018.08.30-02.53.51:902][  0]LogInit: User: pond
[2018.08.30-02.53.51:902][  0]LogInit: CPU Page size=4096, Cores=4
[2018.08.30-02.53.51:902][  0]LogInit: High frequency timer resolution =2.742187 MHz
[2018.08.30-02.53.51:902][  0]LogMemory: Memory total: Physical=15.9GB (16GB approx)
[2018.08.30-02.53.51:902][  0]LogMemory: Platform Memory Stats for Windows
[2018.08.30-02.53.51:902][  0]LogMemory: Process Physical Memory: 99.41 MB used, 99.41 MB peak
[2018.08.30-02.53.51:902][  0]LogMemory: Process Virtual Memory: 90.99 MB used, 90.99 MB peak
[2018.08.30-02.53.51:902][  0]LogMemory: Physical Memory: 4850.42 MB used,  11413.14 MB free, 16263.56 MB total
[2018.08.30-02.53.51:902][  0]LogMemory: Virtual Memory: 4644.98 MB used,  11413.14 MB free, 134217728.00 MB total
[2018.08.30-02.53.51:923][  0]LogInit: Using OS detected language (en-US).
[2018.08.30-02.53.51:923][  0]LogInit: Using OS detected locale (en-US).
[2018.08.30-02.53.51:925][  0]LogTextLocalizationManager: No specific localization for 'en-US' exists, so the 'en' localization will be used.
[2018.08.30-02.53.52:321][  0]LogStreaming: Display: Took  0.398s to InitEngineTextLocalization.
[2018.08.30-02.53.52:321][  0]LogInit: Setting process to per monitor DPI aware
[2018.08.30-02.53.52:360][  0]LogSlate: New Slate User Created.  User Index 0, Is Virtual User: 0
[2018.08.30-02.53.52:360][  0]LogSlate: Slate User Registered.  User Index 0, Is Virtual User: 0
[2018.08.30-02.53.52:553][  0]LogHMD: Failed to initialize OpenVR with code 110
[2018.08.30-02.53.52:553][  0]LogD3D11RHI: D3D11 adapters:
[2018.08.30-02.53.52:626][  0]LogD3D11RHI:    0. 'NVIDIA GeForce GTX 1060' (Feature Level 11_0)
[2018.08.30-02.53.52:626][  0]LogD3D11RHI:       6052/0/8131 MB DedicatedVideo/DedicatedSystem/SharedSystem, Outputs:1, VendorId:0x10de
[2018.08.30-02.53.53:136][  0]LogD3D11RHI:    1. 'Intel(R) HD Graphics 630' (Feature Level 11_0)
[2018.08.30-02.53.53:136][  0]LogD3D11RHI:       128/0/8131 MB DedicatedVideo/DedicatedSystem/SharedSystem, Outputs:0, VendorId:0x8086
[2018.08.30-02.53.53:138][  0]LogD3D11RHI:    2. 'Microsoft Basic Render Driver' (Feature Level 11_0)
[2018.08.30-02.53.53:138][  0]LogD3D11RHI:       0/0/8131 MB DedicatedVideo/DedicatedSystem/SharedSystem, Outputs:0, VendorId:0x1414
[2018.08.30-02.53.53:138][  0]LogD3D11RHI: Chosen D3D11 Adapter: 0
[2018.08.30-02.53.53:143][  0]LogD3D11RHI: Creating new Direct3DDevice
[2018.08.30-02.53.53:144][  0]LogD3D11RHI:     GPU DeviceId: 0x1c20 (for the marketing name, search the web for "GPU Device Id")
[2018.08.30-02.53.53:144][  0]LogWindows: EnumDisplayDevices:
[2018.08.30-02.53.53:144][  0]LogWindows:    0. 'Intel(R) HD Graphics 630' (P:0 D:0)
[2018.08.30-02.53.53:144][  0]LogWindows:    1. 'Intel(R) HD Graphics 630' (P:0 D:0)
[2018.08.30-02.53.53:144][  0]LogWindows:    2. 'Intel(R) HD Graphics 630' (P:0 D:0)
[2018.08.30-02.53.53:144][  0]LogWindows:    3. 'NVIDIA GeForce GTX 1060' (P:1 D:1)
[2018.08.30-02.53.53:144][  0]LogWindows:    4. 'NVIDIA GeForce GTX 1060' (P:0 D:0)
[2018.08.30-02.53.53:145][  0]LogWindows:    5. 'NVIDIA GeForce GTX 1060' (P:0 D:0)
[2018.08.30-02.53.53:145][  0]LogWindows:    6. 'NVIDIA GeForce GTX 1060' (P:0 D:0)
[2018.08.30-02.53.53:145][  0]LogWindows: DebugString: PrimaryIsNotTheChoosenAdapter PrimaryIsNotTheChoosenAdapter PrimaryIsNotTheChoosenAdapter FoundDriverCount:4 
[2018.08.30-02.53.53:145][  0]LogD3D11RHI:     Adapter Name: NVIDIA GeForce GTX 1060
[2018.08.30-02.53.53:145][  0]LogD3D11RHI:   Driver Version: 398.36 (internal:24.21.13.9836, unified:398.36)
[2018.08.30-02.53.53:145][  0]LogD3D11RHI:      Driver Date: 6-24-2018
[2018.08.30-02.53.53:145][  0]LogRHI: Texture pool is 4236 MB (70% of 6052 MB)
[2018.08.30-02.53.53:187][  0]LogD3D11RHI: Async texture creation enabled
[2018.08.30-02.53.53:216][  0]LogD3D11RHI: GPU Timing Frequency: 1000.000000 (Debug: 2 2)
[2018.08.30-02.53.53:266][  0]LogShaderCompilers: Guid format shader working directory is -27 characters bigger than the processId version (../../../../../../Users/pond_/code/school/eae3010/EAE3010Asg2/InClass8_27/Intermediate/Shaders/WorkingDirectory/5108/).
[2018.08.30-02.53.53:266][  0]LogShaderCompilers: Cleaned the shader compiler working directory 'C:/Users/pond_/AppData/Local/Temp/UnrealShaderWorkingDir/F69AF6AB454E2D991D02F9ADD37E0030/'.
[2018.08.30-02.53.53:539][  0]LogTemp: Display: Loaded TP AllDesktopTargetPlatform
[2018.08.30-02.53.53:552][  0]LogTemp: Display: Loaded TP MacClientTargetPlatform
[2018.08.30-02.53.53:566][  0]LogTemp: Display: Loaded TP MacNoEditorTargetPlatform
[2018.08.30-02.53.53:578][  0]LogTemp: Display: Loaded TP MacServerTargetPlatform
[2018.08.30-02.53.53:591][  0]LogTemp: Display: Loaded TP MacTargetPlatform
[2018.08.30-02.53.53:604][  0]LogTemp: Display: Loaded TP WindowsClientTargetPlatform
[2018.08.30-02.53.53:616][  0]LogTemp: Display: Loaded TP WindowsNoEditorTargetPlatform
[2018.08.30-02.53.53:630][  0]LogTemp: Display: Loaded TP WindowsServerTargetPlatform
[2018.08.30-02.53.53:637][  0]LogTemp: Display: Loaded TP WindowsTargetPlatform
[2018.08.30-02.53.53:715][  0]LogTemp: Display: Loaded TP AndroidTargetPlatform
[2018.08.30-02.53.53:716][  0]LogTemp: Display: Loaded TP AndroidTargetPlatform
[2018.08.30-02.53.53:716][  0]LogTemp: Display: Loaded TP AndroidTargetPlatform
[2018.08.30-02.53.53:716][  0]LogTemp: Display: Loaded TP AndroidTargetPlatform
[2018.08.30-02.53.53:716][  0]LogTemp: Display: Loaded TP AndroidTargetPlatform
[2018.08.30-02.53.53:716][  0]LogTemp: Display: Loaded TP AndroidTargetPlatform
[2018.08.30-02.53.53:716][  0]LogTemp: Display: Loaded TP AndroidTargetPlatform
[2018.08.30-02.53.53:716][  0]LogTemp: Display: Loaded TP AndroidTargetPlatform
[2018.08.30-02.53.53:716][  0]LogTemp: Display: Loaded TP AndroidTargetPlatform
[2018.08.30-02.53.53:716][  0]LogTemp: Display: Loaded TP AndroidTargetPlatform
[2018.08.30-02.53.53:716][  0]LogTemp: Display: Loaded TP AndroidTargetPlatform
[2018.08.30-02.53.53:716][  0]LogTemp: Display: Loaded TP AndroidTargetPlatform
[2018.08.30-02.53.53:716][  0]LogTemp: Display: Loaded TP AndroidTargetPlatform
[2018.08.30-02.53.53:716][  0]LogTemp: Display: Loaded TP AndroidTargetPlatform
[2018.08.30-02.53.53:716][  0]LogTemp: Display: Loaded TP AndroidTargetPlatform
[2018.08.30-02.53.53:716][  0]LogTemp: Display: Loaded TP AndroidTargetPlatform
[2018.08.30-02.53.53:716][  0]LogTemp: Display: Loaded TP AndroidTargetPlatform
[2018.08.30-02.53.53:716][  0]LogTemp: Display: Loaded TP AndroidTargetPlatform
[2018.08.30-02.53.53:717][  0]LogTemp: Display: Loaded TP HTML5TargetPlatform
[2018.08.30-02.53.53:778][  0]LogTemp: Display: Loaded TP IOSTargetPlatform
[2018.08.30-02.53.53:778][  0]LogTemp: Display: Loaded TP IOSTargetPlatform
[2018.08.30-02.53.53:800][  0]LogTemp: Display: Loaded TP TVOSTargetPlatform
[2018.08.30-02.53.53:800][  0]LogTemp: Display: Loaded TP TVOSTargetPlatform
[2018.08.30-02.53.53:812][  0]LogTemp: Display: Loaded TP LinuxClientTargetPlatform
[2018.08.30-02.53.53:824][  0]LogTemp: Display: Loaded TP LinuxNoEditorTargetPlatform
[2018.08.30-02.53.53:837][  0]LogTemp: Display: Loaded TP LinuxServerTargetPlatform
[2018.08.30-02.53.53:849][  0]LogTemp: Display: Loaded TP LinuxTargetPlatform
[2018.08.30-02.53.53:858][  0]LogTemp: Display: Loaded TP LuminTargetPlatform
[2018.08.30-02.53.53:859][  0]LogTargetPlatformManager: Display: Building Assets For Windows
[2018.08.30-02.53.53:914][  0]LogXGEController: Cannot use XGE Controller as Incredibuild is not installed on this machine.
[2018.08.30-02.53.53:914][  0]LogShaderCompilers: Cannot use XGE Shader Compiler as Incredibuild is not installed on this machine.
[2018.08.30-02.53.53:914][  0]LogShaderCompilers: Display: Using Local Shader Compiler.
[2018.08.30-02.53.54:660][  0]LogDerivedDataCache: Display: Max Cache Size: 512 MB
[2018.08.30-02.53.54:714][  0]LogDerivedDataCache: Loaded boot cache 0.05s 71MB C:/Users/pond_/AppData/Local/UnrealEngine/4.20/DerivedDataCache/Boot.ddc.
[2018.08.30-02.53.54:714][  0]LogDerivedDataCache: Display: Loaded Boot cache: C:/Users/pond_/AppData/Local/UnrealEngine/4.20/DerivedDataCache/Boot.ddc
[2018.08.30-02.53.54:714][  0]LogDerivedDataCache: FDerivedDataBackendGraph:  Pak pak cache file ../../../../../../Users/pond_/code/school/eae3010/EAE3010Asg2/InClass8_27/DerivedDataCache/DDC.ddp not found, will not use a pak cache.
[2018.08.30-02.53.54:714][  0]LogDerivedDataCache: Unable to find inner node Pak for hierarchical cache Hierarchy.
[2018.08.30-02.53.54:714][  0]LogDerivedDataCache: FDerivedDataBackendGraph:  CompressedPak pak cache file ../../../../../../Users/pond_/code/school/eae3010/EAE3010Asg2/InClass8_27/DerivedDataCache/Compressed.ddp not found, will not use a pak cache.
[2018.08.30-02.53.54:714][  0]LogDerivedDataCache: Unable to find inner node CompressedPak for hierarchical cache Hierarchy.
[2018.08.30-02.53.54:728][  0]LogDerivedDataCache: Display: Pak cache opened for reading ../../../Engine/DerivedDataCache/Compressed.ddp.
[2018.08.30-02.53.54:740][  0]LogDerivedDataCache: Using Local data cache path C:/Users/pond_/AppData/Local/UnrealEngine/Common/DerivedDataCache: Writable
[2018.08.30-02.53.54:740][  0]LogDerivedDataCache: Shared data cache path not found in *engine.ini, will not use an Shared cache.
[2018.08.30-02.53.54:740][  0]LogDerivedDataCache: Unable to find inner node Shared for hierarchical cache Hierarchy.
[2018.08.30-02.53.54:758][  0]LogMaterial: Verifying Global Shaders for PCD3D_SM5
[2018.08.30-02.53.54:760][  0]LogSlate: Using FreeType 2.6.0
[2018.08.30-02.53.54:761][  0]LogSlate: SlateFontServices - WITH_FREETYPE: 1, WITH_HARFBUZZ: 1
[2018.08.30-02.53.54:832][  0]LogAssetRegistry: FAssetRegistry took 0.0256 seconds to start up
[2018.08.30-02.53.55:163][  0]LogInit: Selected Device Profile: [Windows]
[2018.08.30-02.53.55:217][  0]LogSimplygon: Simplygon DLL not present - disabling.
[2018.08.30-02.53.55:221][  0]LogMeshReduction: Using SimplygonSwarm for distributed automatic mesh merging
[2018.08.30-02.53.55:221][  0]LogMeshReduction: Using ProxyLODMeshReduction for automatic mesh merging
[2018.08.30-02.53.55:221][  0]LogMeshReduction: Using QuadricMeshReduction for automatic static mesh reduction
[2018.08.30-02.53.55:221][  0]LogMeshReduction: No automatic skeletal mesh reduction module available
[2018.08.30-02.53.55:341][  0]LogNetVersion: InClass8_27 1.0.0, NetCL: 4212847, EngineNetVer: 5, GameNetVer: 0 (Checksum: 1723226144)
[2018.08.30-02.53.55:939][  0]LogPackageLocalizationCache: Processed 11 localized package path(s) for 2 prioritized culture(s) in 0.133859 seconds
[2018.08.30-02.53.55:948][  0]LogUObjectArray: 38425 objects as part of root set at end of initial load.
[2018.08.30-02.53.55:948][  0]LogUObjectAllocator: 6690864 out of 0 bytes used by permanent object pool.
[2018.08.30-02.53.55:948][  0]LogUObjectArray: CloseDisregardForGC: 0/0 objects in disregard for GC pool
[2018.08.30-02.53.56:829][  0]LogTcpMessaging: Initializing TcpMessaging bridge
[2018.08.30-02.53.56:841][  0]LogUdpMessaging: Initializing bridge on interface 0.0.0.0:0 to multicast group 230.0.0.1:6666.
[2018.08.30-02.53.57:001][  0]SourceControl: Source control is disabled
[2018.08.30-02.53.57:002][  0]SourceControl: Source control is disabled
[2018.08.30-02.53.57:004][  0]SourceControl: Source control is disabled
[2018.08.30-02.53.57:005][  0]SourceControl: Source control is disabled
[2018.08.30-02.53.57:176][  0]LogAndroidPermission: UAndroidPermissionCallbackProxy::GetInstance
[2018.08.30-02.53.57:243][  0]LogOcInput: OculusInput pre-init called
[2018.08.30-02.53.57:305][  0]LogEngine: Initializing Engine...
[2018.08.30-02.53.57:305][  0]LogHMD: Failed to initialize OpenVR with code 110
[2018.08.30-02.53.57:307][  0]LogStats: UGameplayTagsManager::ConstructGameplayTagTree: ImportINI prefixes -  0.000 s
[2018.08.30-02.53.57:307][  0]LogStats: UGameplayTagsManager::ConstructGameplayTagTree: Construct from data asset -  0.000 s
[2018.08.30-02.53.57:307][  0]LogStats: UGameplayTagsManager::ConstructGameplayTagTree: ImportINI -  0.000 s
[2018.08.30-02.53.57:307][  0]LogStats: UGameplayTagsManager::ConstructGameplayTagTree: GameplayTagTreeChangedEvent.Broadcast -  0.000 s
[2018.08.30-02.53.57:542][  0]LogInit: Initializing FReadOnlyCVARCache
[2018.08.30-02.53.57:563][  0]LogAIModule: Creating AISystem for world Untitled
[2018.08.30-02.53.57:574][  0]LogInit: XAudio2 using 'Speakers (Realtek High Definition Audio)' : 2 channels at 48 kHz using 32 bits per sample (channel mask 0x3)
[2018.08.30-02.53.57:594][  0]LogInit: FAudioDevice initialized.
[2018.08.30-02.53.57:594][  0]LogNetVersion: Set ProjectVersion to 1.0.0.0. Version Checksum will be recalculated on next use.
[2018.08.30-02.53.57:647][  0]LogDerivedDataCache: Saved boot cache 0.05s 71MB C:/Users/pond_/AppData/Local/UnrealEngine/4.20/DerivedDataCache/Boot.ddc.
[2018.08.30-02.53.57:650][  0]LogInit: Texture streaming: Enabled
[2018.08.30-02.53.57:669][  0]LogEngineSessionManager: EngineSessionManager initialized
[2018.08.30-02.53.57:686][  0]LogInit: Transaction tracking system initialized
[2018.08.30-02.53.57:710][  0]BlueprintLog: New page: Editor Load
[2018.08.30-02.53.57:791][  0]LocalizationService: Localization service is disabled
[2018.08.30-02.53.58:106][  0]LogCook: Display: Max memory allowance for cook 16384mb min free memory 0mb
[2018.08.30-02.53.58:106][  0]LogCook: Display: Mobile HDR setting 1
[2018.08.30-02.53.58:106][  0]LogGameplayTags: Display: UGameplayTagsManager::DoneAddingNativeTags. DelegateIsBound: 0
[2018.08.30-02.53.58:106][  0]LogStats: UGameplayTagsManager::ConstructGameplayTagTree: ImportINI prefixes -  0.000 s
[2018.08.30-02.53.58:106][  0]LogStats: UGameplayTagsManager::ConstructGameplayTagTree: Construct from data asset -  0.000 s
[2018.08.30-02.53.58:106][  0]LogStats: UGameplayTagsManager::ConstructGameplayTagTree: ImportINI -  0.000 s
[2018.08.30-02.53.58:106][  0]LogStats: UGameplayTagsManager::ConstructGameplayTagTree: GameplayTagTreeChangedEvent.Broadcast -  0.000 s
[2018.08.30-02.53.58:140][  0]LogFileCache: Scanning file cache for directory 'C:/Users/pond_/code/school/eae3010/EAE3010Asg2/InClass8_27/Content/' took 0.02s
[2018.08.30-02.53.58:224][  0]SourceControl: Source control is disabled
[2018.08.30-02.53.58:224][  0]Cmd: MAP LOAD FILE="../../../../../../Users/pond_/code/school/eae3010/EAE3010Asg2/InClass8_27/Content/StarterContent/Maps/Minimal_Default.umap" TEMPLATE=0 SHOWPROGRESS=1 FEATURELEVEL=3
[2018.08.30-02.53.58:230][  0]LightingResults: New page: Lighting Build
[2018.08.30-02.53.58:233][  0]MapCheck: New page: Map Check
[2018.08.30-02.53.58:233][  0]LightingResults: New page: Lighting Build
[2018.08.30-02.53.58:351][  0]LogLinker: Warning: Can't find file '/Game/StarterContent/Maps/Minimal_Default_BuiltData'
[2018.08.30-02.53.58:351][  0]LogLinker: Warning: Can't find file for asset '/Game/StarterContent/Maps/Minimal_Default_BuiltData' while loading ../../../../../../Users/pond_/code/school/eae3010/EAE3010Asg2/InClass8_27/Content/StarterContent/Maps/Minimal_Default.umap.
[2018.08.30-02.53.58:351][  0]LoadErrors: Error: /Game/StarterContent/Maps/Minimal_Default : Can't find file for asset. /Game/StarterContent/Maps/Minimal_Default_BuiltData
[2018.08.30-02.53.58:422][  0]LogLinker: Warning: Can't find file '/Game/StarterContent/Maps/Minimal_Default_BuiltData'
[2018.08.30-02.53.58:422][  0]LogLinker: Warning: Can't find file for asset '/Game/StarterContent/Maps/Minimal_Default_BuiltData' while loading ../../../../../../Users/pond_/code/school/eae3010/EAE3010Asg2/InClass8_27/Content/StarterContent/Maps/Minimal_Default.umap.
[2018.08.30-02.53.58:422][  0]LoadErrors: Error: /Game/StarterContent/Maps/Minimal_Default : Can't find file for asset. /Game/StarterContent/Maps/Minimal_Default_BuiltData
[2018.08.30-02.53.58:424][  0]LogLinker: Warning: Can't find file '/Game/StarterContent/Maps/Minimal_Default_BuiltData'
[2018.08.30-02.53.58:424][  0]LogLinker: Warning: Can't find file for asset '/Game/StarterContent/Maps/Minimal_Default_BuiltData' while loading NULL.
[2018.08.30-02.53.58:425][  0]LogLinker: Warning: Can't find file '/Game/StarterContent/Maps/Minimal_Default_BuiltData'
[2018.08.30-02.53.58:425][  0]LogLinker: Warning: Can't find file for asset '/Game/StarterContent/Maps/Minimal_Default_BuiltData' while loading NULL.
[2018.08.30-02.53.58:447][  0]LogLinker: Warning: Can't find file '/Game/StarterContent/Maps/Minimal_Default_BuiltData'
[2018.08.30-02.53.58:447][  0]LoadErrors: Failed to load /Game/StarterContent/Maps/Minimal_Default_BuiltData.Minimal_Default_BuiltData Referenced by PersistentLevel
[2018.08.30-02.53.58:447][  0]LogLinker: Warning: Can't find file for asset '/Game/StarterContent/Maps/Minimal_Default_BuiltData' while loading NULL.
[2018.08.30-02.53.58:447][  0]LoadErrors: Failed to load /Game/StarterContent/Maps/Minimal_Default_BuiltData.Minimal_Default_BuiltData Referenced by PersistentLevel
[2018.08.30-02.53.58:541][  0]LogMaterial: Display: Missing cached shader map for material M_Whitebox_ap, compiling. 
[2018.08.30-02.53.58:692][  0]LogShaderCompilers: Display: Shaders left to compile 22
[2018.08.30-02.53.58:692][  0]LogShaderCompilers: Display: Shaders left to compile 12
[2018.08.30-02.53.58:692][  0]LogShaderCompilers: Display: Shaders left to compile 2
[2018.08.30-02.53.58:692][  0]LogAIModule: Creating AISystem for world Minimal_Default
[2018.08.30-02.53.58:706][  0]LogEditorServer: Finished looking for orphan Actors (0.000 secs)
[2018.08.30-02.53.58:731][  0]Cmd: MAP CHECKDEP NOCLEARLOG
[2018.08.30-02.53.58:818][  0]MapCheck: Map check complete: 0 Error(s), 0 Warning(s), took 86.787ms to complete.
[2018.08.30-02.53.58:818][  0]LogFileHelpers: Loading map 'Minimal_Default' took 0.594
[2018.08.30-02.53.58:965][  0]LogSlate: Updating window title bar state: overlay mode, drag disabled, window buttons hidden, title bar hidden
[2018.08.30-02.53.58:975][  0]LogSlate: Updating window title bar state: overlay mode, drag disabled, window buttons hidden, title bar hidden
[2018.08.30-02.53.58:986][  0]LogSlate: Updating window title bar state: overlay mode, drag disabled, window buttons hidden, title bar hidden
[2018.08.30-02.53.58:997][  0]LogSlate: Updating window title bar state: overlay mode, drag disabled, window buttons hidden, title bar hidden
[2018.08.30-02.53.59:007][  0]LogCollectionManager: Loaded 0 collections in 0.001611 seconds
[2018.08.30-02.53.59:066][  0]LogFileCache: Scanning file cache for directory 'C:/Users/pond_/code/school/eae3010/EAE3010Asg2/InClass8_27/Saved/Collections/' took 0.01s
[2018.08.30-02.53.59:066][  0]LogFileCache: Scanning file cache for directory 'C:/Users/pond_/code/school/eae3010/EAE3010Asg2/InClass8_27/Content/Developers/pond/Collections/' took 0.01s
[2018.08.30-02.53.59:066][  0]LogFileCache: Scanning file cache for directory 'C:/Users/pond_/code/school/eae3010/EAE3010Asg2/InClass8_27/Content/Collections/' took 0.01s
[2018.08.30-02.53.59:066][  0]LogCollectionManager: Rebuilt the GUID cache for 0 collections in 0.000000 seconds
[2018.08.30-02.53.59:078][  0]LogContentBrowser: Native class hierarchy populated in 0.0119 seconds. Added 2572 classes and 603 folders.
[2018.08.30-02.53.59:087][  0]LogContentBrowser: Native class hierarchy updated for 'WidgetCarousel' in 0.0006 seconds. Added 0 classes and 0 folders.
[2018.08.30-02.53.59:625][  0]LogContentBrowser: Native class hierarchy updated for 'AddContentDialog' in 0.0004 seconds. Added 0 classes and 0 folders.
[2018.08.30-02.53.59:649][  0]LogContentBrowser: Native class hierarchy updated for 'SceneOutliner' in 0.0003 seconds. Added 1 classes and 2 folders.
[2018.08.30-02.53.59:756][  0]LogSlate: Took 0.000333 seconds to synchronously load lazily loaded font '../../../Engine/Content/Slate/Fonts/Roboto-Regular.ttf' (155K)
[2018.08.30-02.53.59:759][  0]LogSlate: Took 0.000380 seconds to synchronously load lazily loaded font '../../../Engine/Content/Slate/Fonts/Roboto-Bold.ttf' (160K)
[2018.08.30-02.53.59:775][  0]LogSlate: Took 0.008159 seconds to synchronously load lazily loaded font '../../../Engine/Content/Editor/Slate/Fonts/FontAwesome.ttf' (139K)
[2018.08.30-02.53.59:924][  0]LogRenderer: Reallocating scene render targets to support 1616x680 Format 10 NumSamples 1 (Frame:1).
[2018.08.30-02.54.00:092][  0]LogContentBrowser: Native class hierarchy updated for 'HierarchicalLODOutliner' in 0.0004 seconds. Added 0 classes and 0 folders.
[2018.08.30-02.54.00:092][  0]LogLoad: (Engine Initialization) Total time: 10.15 seconds
[2018.08.30-02.54.00:092][  0]LogLoad: (Engine Initialization) Total Blueprint compile time: 0.00 seconds
[2018.08.30-02.54.00:104][  0]LogWindowsTextInputMethodSystem: Display: IME system now deactivated.
[2018.08.30-02.54.00:127][  0]LogContentStreaming: Texture pool size now 1000 MB
[2018.08.30-02.54.00:145][  0]LogSlate: FSceneViewport::OnFocusLost() reason 2
[2018.08.30-02.54.00:173][  0]LogSlate: Took 0.006761 seconds to synchronously load lazily loaded font '../../../Engine/Content/Slate/Fonts/Roboto-Light.ttf' (167K)
[2018.08.30-02.54.01:148][ 93]LogSlate: Took 0.000330 seconds to synchronously load lazily loaded font '../../../Engine/Content/Slate/Fonts/Roboto-Light.ttf' (167K)
[2018.08.30-02.54.06:519][660]LogAssetRegistry: Asset discovery search completed in 11.7085 seconds
[2018.08.30-02.54.06:521][660]LogCollectionManager: Rebuilt the object cache for 0 collections in 0.000000 seconds (found 0 objects)
[2018.08.30-02.54.06:521][660]LogCollectionManager: Fixed up redirectors for 0 collections in 0.000077 seconds (updated 0 objects)
[2018.08.30-02.54.24:944][858]LogSlate: FSceneViewport::OnFocusLost() reason 0
[2018.08.30-02.54.25:018][867]LogSlate: Window 'Message Log' being destroyed
[2018.08.30-02.54.25:022][867]LogSlate: Window 'Message Log' being destroyed
[2018.08.30-02.54.29:076][352]LogSlate: FSceneViewport::OnFocusLost() reason 0
[2018.08.30-02.54.29:158][362]LogSlate: Window 'Tutorials' being destroyed
[2018.08.30-02.54.29:162][362]LogSlate: Window 'Tutorials' being destroyed
[2018.08.30-02.54.31:204][607]LogSlate: FSceneViewport::OnFocusLost() reason 0
[2018.08.30-02.54.45:465][251]Cmd: DELETE
[2018.08.30-02.54.45:465][251]Cmd: ACTOR DELETE
[2018.08.30-02.54.45:475][251]LogEditorActor: Deleted Actor: StaticMeshActor
[2018.08.30-02.54.45:476][251]LogEditorActor: Deleted Actor: StaticMeshActor
[2018.08.30-02.54.45:497][251]LogEditorActor: Deleted 2 Actors (0.031 secs)
[2018.08.30-02.54.50:467][812]LogSavePackage: Moving '../../../../../../Users/pond_/code/school/eae3010/EAE3010Asg2/InClass8_27/Saved/Minimal_Default54F35605441BAE1E2EF8DD9D3028CABF.tmp' to '../../../../../../Users/pond_/code/school/eae3010/EAE3010Asg2/InClass8_27/Content/StarterContent/Maps/Minimal_Default.umap'
[2018.08.30-02.55.07:731][876]MapCheck: New page: Map Check
[2018.08.30-02.55.07:758][876]Cmd: MAP REBUILD ALLVISIBLE
[2018.08.30-02.55.07:758][876]LogEditorServer: Rebuildmap Clear paths rebuilt
[2018.08.30-02.55.07:785][876]LogEditorServer: Cleared 88 NULL BSP materials after rebuild.
[2018.08.30-02.55.07:835][876]LogMaterial: Display: Missing cached shader map for material FDebugViewModeMaterialProxy MaterialInstanceDynamic_0, compiling. 
[2018.08.30-02.55.07:843][876]LogMaterial: Display: Missing cached shader map for material FDebugViewModeMaterialProxy WorldGridMaterial, compiling. Is special engine material.
[2018.08.30-02.55.07:850][876]LogShaderCompilers: Display: Shaders left to compile 1
[2018.08.30-02.55.07:850][876]LogMaterial: Display: Missing cached shader map for material FDebugViewModeMaterialProxy M_Whitebox_ap, compiling. 
[2018.08.30-02.55.08:443][876]LogShaderCompilers: Display: Shaders left to compile 2
[2018.08.30-02.55.08:443][876]LogShaderCompilers: Display: Shaders left to compile 1
[2018.08.30-02.55.08:443][876]TextureStreamingBuild: Display: Compiling optional shaders took 0.613 seconds.
[2018.08.30-02.55.08:452][876]LogLevel: Display: Export Material TexCoord Scales took 0.009 seconds.
[2018.08.30-02.55.08:472][876]TextureStreamingBuild: Display: Build Texture Streaming took 0.020 seconds.
[2018.08.30-02.55.08:496][876]LightingResults: New page: Lighting Build - Aug 29, 2018, 2:55:08 PM
[2018.08.30-02.55.08:577][876]LogSwarmInterface: [OpenConnection] Registering TCP channel ...
[2018.08.30-02.55.08:727][876]LogSwarmInterface: [OpenConnection] Connecting to agent ...
[2018.08.30-02.55.08:750][876]LogSwarmInterface: [TryOpenConnection] Testing the Agent
[2018.08.30-02.55.09:270][876]LogSwarmInterface: [TryOpenConnection] Opening Connection to Agent
[2018.08.30-02.55.09:270][876]LogSwarmInterface: [TryOpenConnection] Local Process ID is 5108
[2018.08.30-02.55.13:856][876]LogStaticLightingSystem: Warning: No importance volume found, so the scene bounding box was used.  You can optimize your scene's quality and lighting build times by adding importance volumes.
[2018.08.30-02.55.13:856][876]LogStaticLightingSystem: Running Lightmass w/ ImmediateImport mode ENABLED
[2018.08.30-02.55.13:856][876]LogStaticLightingSystem: Running Lightmass w/ ImmediateProcess mode ENABLED
[2018.08.30-02.55.13:856][876]LogStaticLightingSystem: Running Lightmass w/ Sorting mode ENABLED
[2018.08.30-02.55.13:856][876]LogStaticLightingSystem: Running Lightmass w/ Mapping paddings ENABLED
[2018.08.30-02.55.13:856][876]LogStaticLightingSystem: Running Lightmass w/ Mapping debug paddings DISABLED
[2018.08.30-02.55.14:013][876]Cmd: MAP CHECK DONTDISPLAYDIALOG
[2018.08.30-02.55.14:013][876]MapCheck: New page: Minimal_Default - Aug 29, 2018, 2:55:14 PM
[2018.08.30-02.55.14:014][876]MapCheck: Warning: corner5 corner5 : Brush has zero polygons - please delete 
[2018.08.30-02.55.14:092][876]MapCheck: Map check complete: 0 Error(s), 1 Warning(s), took 78.147ms to complete.
[2018.08.30-02.55.14:116][876]LogEditorBuildUtils: Build time 0:06
[2018.08.30-02.55.14:215][877]LogMaterial: Display: Missing cached shader map for material FLightmassMaterialRenderer M_Whitebox_ap, compiling. 
[2018.08.30-02.55.14:223][877]LogShaderCompilers: Display: Shaders left to compile 2
[2018.08.30-02.55.14:223][877]LogMaterial: Display: Missing cached shader map for material FLightmassMaterialRenderer M_Whitebox_ap, compiling. 
[2018.08.30-02.55.14:235][877]LogShaderCompilers: Display: Shaders left to compile 2
[2018.08.30-02.55.16:339][970]Job is a success!
[2018.08.30-02.55.16:404][971]LogVolumetricLightmapImport: Imported Volumetric Lightmap in 0.010s
[2018.08.30-02.55.16:404][971]LogVolumetricLightmapImport:      Indirection Texture 16x16x16 = 0.0Mb
[2018.08.30-02.55.16:404][971]LogVolumetricLightmapImport:      BrickData 55x5x5 = 0.1Mb
[2018.08.30-02.55.16:404][971]LogVolumetricLightmapImport:      Bricks at Level
[2018.08.30-02.55.16:404][971]LogVolumetricLightmapImport:          0: 9.1% covering 100.0% of volume
[2018.08.30-02.55.16:404][971]LogVolumetricLightmapImport:          1: 9.1% covering 1.6% of volume
[2018.08.30-02.55.16:404][971]LogVolumetricLightmapImport:          2: 81.8% covering 0.2% of volume
[2018.08.30-02.55.16:460][971]LogTexture: Display: Building textures: SkyOcclusion0_1 (AutoDXT, 256X128)
[2018.08.30-02.55.16:460][971]LogTexture: Display: Building textures: HQ_Lightmap0_1 (AutoDXT, 256X256)
[2018.08.30-02.55.16:460][971]LogTexture: Display: Building textures: LQ_Lightmap_0_1 (DXT1, 256X256)
[2018.08.30-02.55.16:460][971]LogTexture: Display: Building textures: LQ_Lightmap_0_2 (DXT1, 64X64)
[2018.08.30-02.55.16:460][971]LogTexture: Display: Building textures: HQ_Lightmap0_2 (AutoDXT, 64X64)
[2018.08.30-02.55.16:460][971]LogTexture: Display: Building textures: SkyOcclusion0_2 (AutoDXT, 64X32)
[2018.08.30-02.55.16:460][971]LogTexture: Display: Building textures: ShadowMapTexture2D_1 (G8, 32X32)
[2018.08.30-02.55.16:460][971]LogTexture: Display: Building textures: ShadowMapTexture2D_0 (G8, 64X128)
[2018.08.30-02.55.16:485][971]Lightmass on LEGION: 1.00 sec total, 151 ms importing, 16 ms setup, 393 ms photons, 406 ms processing, 0 ms extra exporting [49/49 mappings]. Threads: 2.67 sec total, 187 ms processing.
[2018.08.30-02.55.16:512][971]LogMaterial: Warning: Material /Game/materials/M_Whitebox_ap.M_Whitebox_ap needed to have new flag set bUsedWithStaticLighting !
[2018.08.30-02.55.16:514][971]LogMaterial: Display: Missing cached shader map for material M_Whitebox_ap, compiling. 
[2018.08.30-02.55.16:554][971]LogShaderCompilers: Display: Shaders left to compile 31
[2018.08.30-02.55.16:554][971]LogShaderCompilers: Display: Shaders left to compile 21
[2018.08.30-02.55.16:554][971]LogShaderCompilers: Display: Shaders left to compile 11
[2018.08.30-02.55.16:554][971]LogShaderCompilers: Display: Shaders left to compile 1
[2018.08.30-02.55.16:570][971]LogStaticLightingSystem: Illumination: 8.04 sec (17 ms encoding lightmaps, 13 ms encoding shadowmaps)
[2018.08.30-02.55.16:570][971]LogStaticLightingSystem: Lightmap texture memory:  0.2 MB (0.0 MB streaming, 0.2 MB non-streaming), 4 textures
[2018.08.30-02.55.16:570][971]LogStaticLightingSystem: Shadowmap texture memory: 0.0 MB (0.0 MB streaming, 0.0 MB non-streaming), 2 textures
[2018.08.30-02.55.16:866][971]DumpUnbuiltLightIteractions
[2018.08.30-02.55.16:866][971]Lights with unbuilt interactions: 0
[2018.08.30-02.55.16:866][971]
[2018.08.30-02.55.16:866][971]Primitives with unbuilt interactions: 0
[2018.08.30-02.55.19:480][972]Cmd: MAP CHECK NOTIFYRESULTS
[2018.08.30-02.55.19:480][972]MapCheck: New page: Minimal_Default - Aug 29, 2018, 2:55:19 PM
[2018.08.30-02.55.19:481][972]MapCheck: Warning: corner5 corner5 : Brush has zero polygons - please delete 
[2018.08.30-02.55.19:564][972]MapCheck: Map check complete: 0 Error(s), 1 Warning(s), took 83.997ms to complete.
[2018.08.30-02.55.50:631][593]Cmd: DELETE
[2018.08.30-02.55.50:631][593]Cmd: ACTOR DELETE
[2018.08.30-02.55.50:635][593]LogEditorActor: Deleted Actor: Brush
[2018.08.30-02.55.50:675][593]LogEditorActor: Deleted 1 Actors (0.043 secs)
[2018.08.30-02.56.05:453][ 97]LogSlate: FSceneViewport::OnFocusLost() reason 0
[2018.08.30-02.56.05:527][106]MapCheck: New page: Map Check
[2018.08.30-02.56.05:554][106]Cmd: MAP REBUILD ALLVISIBLE
[2018.08.30-02.56.05:555][106]LogEditorServer: Rebuildmap Clear paths rebuilt
[2018.08.30-02.56.05:621][106]LogMaterial: Display: Missing cached shader map for material FDebugViewModeMaterialProxy MaterialInstanceDynamic_0, compiling. 
[2018.08.30-02.56.05:627][106]LogShaderCompilers: Display: Shaders left to compile 1
[2018.08.30-02.56.05:627][106]LogMaterial: Display: Missing cached shader map for material FDebugViewModeMaterialProxy WorldGridMaterial, compiling. Is special engine material.
[2018.08.30-02.56.05:635][106]LogMaterial: Display: Missing cached shader map for material FDebugViewModeMaterialProxy M_Whitebox_ap, compiling. 
[2018.08.30-02.56.06:208][106]LogShaderCompilers: Display: Shaders left to compile 1
[2018.08.30-02.56.06:208][106]LogShaderCompilers: Display: Shaders left to compile 1
[2018.08.30-02.56.06:208][106]TextureStreamingBuild: Display: Compiling optional shaders took 0.590 seconds.
[2018.08.30-02.56.06:211][106]LogLevel: Display: Export Material TexCoord Scales took 0.003 seconds.
[2018.08.30-02.56.06:227][106]TextureStreamingBuild: Display: Build Texture Streaming took 0.016 seconds.
[2018.08.30-02.56.06:250][106]LightingResults: New page: Lighting Build - Aug 29, 2018, 2:56:06 PM
[2018.08.30-02.56.06:258][106]LogSwarmInterface: [OpenConnection] Registering TCP channel ...
[2018.08.30-02.56.06:260][106]LogSwarmInterface: [OpenConnection] Connecting to agent ...
[2018.08.30-02.56.06:260][106]LogSwarmInterface: [TryOpenConnection] Testing the Agent
[2018.08.30-02.56.06:261][106]LogSwarmInterface: [TryOpenConnection] Opening Connection to Agent
[2018.08.30-02.56.06:261][106]LogSwarmInterface: [TryOpenConnection] Local Process ID is 5108
[2018.08.30-02.56.10:779][106]LogStaticLightingSystem: Warning: No importance volume found, so the scene bounding box was used.  You can optimize your scene's quality and lighting build times by adding importance volumes.
[2018.08.30-02.56.10:779][106]LogStaticLightingSystem: Running Lightmass w/ ImmediateImport mode ENABLED
[2018.08.30-02.56.10:779][106]LogStaticLightingSystem: Running Lightmass w/ ImmediateProcess mode ENABLED
[2018.08.30-02.56.10:779][106]LogStaticLightingSystem: Running Lightmass w/ Sorting mode ENABLED
[2018.08.30-02.56.10:779][106]LogStaticLightingSystem: Running Lightmass w/ Mapping paddings ENABLED
[2018.08.30-02.56.10:779][106]LogStaticLightingSystem: Running Lightmass w/ Mapping debug paddings DISABLED
[2018.08.30-02.56.10:883][106]Cmd: MAP CHECK DONTDISPLAYDIALOG
[2018.08.30-02.56.10:883][106]MapCheck: New page: Minimal_Default - Aug 29, 2018, 2:56:10 PM
[2018.08.30-02.56.10:958][106]MapCheck: Map check complete: 0 Error(s), 0 Warning(s), took 75.368ms to complete.
[2018.08.30-02.56.10:982][106]LogEditorBuildUtils: Build time 0:05
[2018.08.30-02.56.11:018][106]LogMaterial: Display: Missing cached shader map for material FLightmassMaterialRenderer M_Whitebox_ap, compiling. 
[2018.08.30-02.56.11:024][106]LogMaterial: Display: Missing cached shader map for material FLightmassMaterialRenderer M_Whitebox_ap, compiling. 
[2018.08.30-02.56.11:042][106]LogShaderCompilers: Display: Shaders left to compile 4
[2018.08.30-02.56.13:199][200]Job is a success!
[2018.08.30-02.56.13:265][201]LogVolumetricLightmapImport: Imported Volumetric Lightmap in 0.007s
[2018.08.30-02.56.13:265][201]LogVolumetricLightmapImport:      Indirection Texture 16x16x16 = 0.0Mb
[2018.08.30-02.56.13:265][201]LogVolumetricLightmapImport:      BrickData 55x5x5 = 0.1Mb
[2018.08.30-02.56.13:265][201]LogVolumetricLightmapImport:      Bricks at Level
[2018.08.30-02.56.13:265][201]LogVolumetricLightmapImport:          0: 9.1% covering 100.0% of volume
[2018.08.30-02.56.13:265][201]LogVolumetricLightmapImport:          1: 9.1% covering 1.6% of volume
[2018.08.30-02.56.13:265][201]LogVolumetricLightmapImport:          2: 81.8% covering 0.2% of volume
[2018.08.30-02.56.13:312][201]LogTexture: Display: Building textures: SkyOcclusion1_1 (AutoDXT, 256X128)
[2018.08.30-02.56.13:312][201]LogTexture: Display: Building textures: HQ_Lightmap1_1 (AutoDXT, 256X256)
[2018.08.30-02.56.13:312][201]LogTexture: Display: Building textures: LQ_Lightmap_1_1 (DXT1, 256X256)
[2018.08.30-02.56.13:312][201]LogTexture: Display: Building textures: SkyOcclusion1_2 (AutoDXT, 64X32)
[2018.08.30-02.56.13:312][201]LogTexture: Display: Building textures: HQ_Lightmap1_2 (AutoDXT, 64X64)
[2018.08.30-02.56.13:312][201]LogTexture: Display: Building textures: LQ_Lightmap_1_2 (DXT1, 64X64)
[2018.08.30-02.56.13:312][201]LogTexture: Display: Building textures: ShadowMapTexture2D_3 (G8, 32X32)
[2018.08.30-02.56.13:312][201]LogTexture: Display: Building textures: ShadowMapTexture2D_2 (G8, 64X128)
[2018.08.30-02.56.13:326][201]Lightmass on LEGION: 1.01 sec total, 134 ms importing, 17 ms setup, 394 ms photons, 435 ms processing, 0 ms extra exporting [49/49 mappings]. Threads: 2.87 sec total, 207 ms processing.
[2018.08.30-02.56.13:362][201]LogStaticLightingSystem: Illumination: 7.07 sec (14 ms encoding lightmaps, 12 ms encoding shadowmaps)
[2018.08.30-02.56.13:362][201]LogStaticLightingSystem: Lightmap texture memory:  0.2 MB (0.0 MB streaming, 0.2 MB non-streaming), 4 textures
[2018.08.30-02.56.13:362][201]LogStaticLightingSystem: Shadowmap texture memory: 0.0 MB (0.0 MB streaming, 0.0 MB non-streaming), 2 textures
[2018.08.30-02.56.13:785][201]DumpUnbuiltLightIteractions
[2018.08.30-02.56.13:785][201]Lights with unbuilt interactions: 0
[2018.08.30-02.56.13:785][201]
[2018.08.30-02.56.13:785][201]Primitives with unbuilt interactions: 0
[2018.08.30-02.56.13:869][202]Cmd: MAP CHECK NOTIFYRESULTS
[2018.08.30-02.56.13:870][202]MapCheck: New page: Minimal_Default - Aug 29, 2018, 2:56:13 PM
[2018.08.30-02.56.13:945][202]MapCheck: Map check complete: 0 Error(s), 0 Warning(s), took 75.088ms to complete.
[2018.08.30-02.56.23:014][224]LogSlate: Window 'Message Log' being destroyed
[2018.08.30-02.56.23:018][224]LogSlate: Window 'Message Log' being destroyed
[2018.08.30-02.56.32:727][348]LogSavePackage: Moving '../../../../../../Users/pond_/code/school/eae3010/EAE3010Asg2/InClass8_27/Saved/Minimal_DefaultCE6D037949BF8D3E499153979BEE4C7B.tmp' to '../../../../../../Users/pond_/code/school/eae3010/EAE3010Asg2/InClass8_27/Content/StarterContent/Maps/Minimal_Default.umap'
[2018.08.30-02.56.32:747][348]LogFileHelpers: Saving map 'Minimal_Default' took 0.258
[2018.08.30-02.56.32:768][348]LogSavePackage: Moving '../../../../../../Users/pond_/code/school/eae3010/EAE3010Asg2/InClass8_27/Saved/Minimal_Default_BuiltData9C77396D403240B74A39FBBA81EBB5C3.tmp' to '../../../../../../Users/pond_/code/school/eae3010/EAE3010Asg2/InClass8_27/Content/StarterContent/Maps/Minimal_Default_BuiltData.uasset'
[2018.08.30-02.56.32:797][348]Cmd: OBJ SAVEPACKAGE PACKAGE="/Game/materials/M_Whitebox_ap" FILE="../../../../../../Users/pond_/code/school/eae3010/EAE3010Asg2/InClass8_27/Content/materials/M_Whitebox_ap.uasset" SILENT=true
[2018.08.30-02.56.32:825][348]LogSavePackage: Moving '../../../../../../Users/pond_/code/school/eae3010/EAE3010Asg2/InClass8_27/Saved/M_Whitebox_ap71CEA74E474B54AAAF73049BB718594A.tmp' to '../../../../../../Users/pond_/code/school/eae3010/EAE3010Asg2/InClass8_27/Content/materials/M_Whitebox_ap.uasset'
